Removed Pin From Net: NetName=12VDC Pin=C13-1
Removed Pin From Net: NetName=12VDC Pin=C14-1
Removed Pin From Net: NetName=12VDC Pin=F1-2
Change Component Description : Designator=X1 Old Description= New Description=|16 MHz ±30ppm Crystal 20pF 50 Ohms 4-SMD, No Lead
Change Component Description : Designator=U5 Old Description= New Description=|17V Clamp 5A (8/20µs) Ipp Tvs Diode Surface Mount SOT-23-6
Change Component Description : Designator=X2 Old Description= New Description=|32.768 kHz ±20ppm Crystal 12.5pF 90 kOhms 2-SMD, No Lead
Change Component Description : Designator=Q1 Old Description= New Description=|Bipolar (BJT) Transistor NPN 40 V 200 mA 300MHz 300 mW Surface Mount SOT-23-3
Change Component Description : Designator=Q2 Old Description= New Description=|Bipolar (BJT) Transistor NPN 40 V 200 mA 300MHz 300 mW Surface Mount SOT-23-3
Change Component Description : Designator=Q3 Old Description= New Description=|Bipolar (BJT) Transistor NPN 40 V 200 mA 300MHz 300 mW Surface Mount SOT-23-3
Change Component Description : Designator=Q4 Old Description= New Description=|Bipolar (BJT) Transistor NPN 40 V 200 mA 300MHz 300 mW Surface Mount SOT-23-3
Change Component Description : Designator=Q5 Old Description= New Description=|Bipolar (BJT) Transistor NPN 40 V 200 mA 300MHz 300 mW Surface Mount SOT-23-3
Change Component Description : Designator=BR1 Old Description= New Description=|Bridge Rectifier Single Phase Standard 600 V Surface Mount DB-S
Change Component Description : Designator=BZ1 Old Description= New Description=|Buzzers Indicator, Internally Driven Magnetic 5 V 30mA 2.7kHz 80dB @ 5V, 10cm Through Hole PC Pins
Change Component Description : Designator=C13 Old Description= New Description=|CAP (AL) 470UF 20% 50V RADIAL
Change Component Description : Designator=C14 Old Description= New Description=|CAP (AL) 470UF 20% 50V RADIAL
Change Component Description : Designator=C29 Old Description= New Description=|CAP (AL) 470UF 20% 50V RADIAL
Change Component Description : Designator=C10 Old Description= New Description=|CAP ALUM 68UF 20% 35V SMD
Change Component Description : Designator=C12 Old Description= New Description=|CAP CER 0.1UF (100nF) %10 0805 SMD X7R
Change Component Description : Designator=C25 Old Description= New Description=|CAP CER 0.1UF (100nF) %10 0805 SMD X7R
Change Component Description : Designator=C27 Old Description= New Description=|CAP CER 0.1UF (100nF) %10 0805 SMD X7R
Change Component Description : Designator=C31 Old Description= New Description=|CAP CER 0.1UF (100nF) %10 0805 SMD X7R
Change Component Description : Designator=C32 Old Description= New Description=|CAP CER 0.1UF (100nF) %10 0805 SMD X7R
Change Component Description : Designator=C36 Old Description= New Description=|CAP CER 0.1UF (100nF) %10 0805 SMD X7R
Change Component Description : Designator=C37 Old Description= New Description=|CAP CER 0.1UF (100nF) %10 0805 SMD X7R
Change Component Description : Designator=C43 Old Description= New Description=|CAP CER 0.1UF (100nF) %10 0805 SMD X7R
Change Component Description : Designator=C1 Old Description= New Description=|CAP CER 1UF %10 0805 SMD X7R
Change Component Description : Designator=C4 Old Description= New Description=|CAP CER 1UF %10 0805 SMD X7R
Change Component Description : Designator=C8 Old Description= New Description=|CAP CER 1UF %10 0805 SMD X7R
Change Component Description : Designator=C11 Old Description= New Description=|CAP CER 1UF %10 0805 SMD X7R
Change Component Description : Designator=C16 Old Description= New Description=|CAP CER 1UF %10 0805 SMD X7R
Change Component Description : Designator=C26 Old Description= New Description=|CAP CER 1UF %10 0805 SMD X7R
Change Component Description : Designator=C28 Old Description= New Description=|CAP CER 1UF %10 0805 SMD X7R
Change Component Description : Designator=C30 Old Description= New Description=|CAP CER 1UF %10 0805 SMD X7R
Change Component Description : Designator=C34 Old Description= New Description=|CAP CER 1UF %10 0805 SMD X7R
Change Component Description : Designator=C40 Old Description= New Description=|CAP CER 1UF %10 0805 SMD X7R
Change Component Description : Designator=C46 Old Description= New Description=|CAP CER 1UF %10 0805 SMD X7R
Change Component Description : Designator=C3 Old Description= New Description=|CAP CER 4.7UF %10 0805 SMD X5R
Change Component Description : Designator=C5 Old Description= New Description=|CAP CER 4.7UF %10 0805 SMD X5R
Change Component Description : Designator=C6 Old Description= New Description=|CAP CER 4.7UF %10 0805 SMD X5R
Change Component Description : Designator=C7 Old Description= New Description=|CAP CER 4.7UF %10 0805 SMD X5R
Change Component Description : Designator=C15 Old Description= New Description=|CAP CER 4.7UF %10 0805 SMD X5R
Change Component Description : Designator=C24 Old Description= New Description=|CAP CER 4.7UF %10 0805 SMD X5R
Change Component Description : Designator=C33 Old Description= New Description=|CAP CER 4.7UF %10 0805 SMD X5R
Change Component Description : Designator=C38 Old Description= New Description=|CAP CER 4.7UF %10 0805 SMD X5R
Change Component Description : Designator=C39 Old Description= New Description=|CAP CER 4.7UF %10 0805 SMD X5R
Change Component Description : Designator=C9 Old Description= New Description=|CAP CER 10nF %10 0603 SMD X7R
Change Component Description : Designator=C42 Old Description= New Description=|CAP CER 10nF %10 0603 SMD X7R
Change Component Description : Designator=C45 Old Description= New Description=|CAP CER 10nF %10 0603 SMD X7R
Change Component Description : Designator=C47 Old Description= New Description=|CAP CER 10nF %10 0603 SMD X7R
Change Component Description : Designator=C22 Old Description= New Description=|CAP CER 20pF %5 0603 SMD 50V
Change Component Description : Designator=C23 Old Description= New Description=|CAP CER 20pF %5 0603 SMD 50V
Change Component Description : Designator=C41 Old Description= New Description=|CAP CER 33UF %20 0805 X5R 10V
Change Component Description : Designator=C44 Old Description= New Description=|CAP CER 33UF %20 0805 X5R 10V
Change Component Description : Designator=C2 Old Description= New Description=|CAP CER 100nF (0.1UF) %10 0603 SMD
Change Component Description : Designator=C17 Old Description= New Description=|CAP CER 100nF (0.1UF) %10 0603 SMD
Change Component Description : Designator=C18 Old Description= New Description=|CAP CER 100nF (0.1UF) %10 0603 SMD
Change Component Description : Designator=C19 Old Description= New Description=|CAP CER 100nF (0.1UF) %10 0603 SMD
Change Component Description : Designator=C20 Old Description= New Description=|CAP CER 100nF (0.1UF) %10 0603 SMD
Change Component Description : Designator=C21 Old Description= New Description=|CAP CER 100nF (0.1UF) %10 0603 SMD
Change Component Description : Designator=C35 Old Description= New Description=|CAP CER 100nF (0.1UF) %10 0603 SMD
Change Component Description : Designator=J4 Old Description= New Description=|Connector (1.50mm) 6 Pin Header Through Hole
Change Component Description : Designator=J8 Old Description= New Description=|Connector (1.50mm) 6 Pin Header Through Hole
Change Component Description : Designator=J1 Old Description= New Description=|Connector-5 Position Receptacle 0.100" (2.54mm) Surface Mount, Right Angle Gold
Change Component Description : Designator=D1 Old Description= New Description=|Diode 75 V 150mA Surface Mount SOD-323F
Change Component Description : Designator=D3 Old Description= New Description=|Diode 75 V 150mA Surface Mount SOD-323F
Change Component Description : Designator=D4 Old Description= New Description=|Diode 75 V 150mA Surface Mount SOD-323F
Change Component Description : Designator=D5 Old Description= New Description=|Diode 75 V 150mA Surface Mount SOD-323F
Change Component Description : Designator=L1 Old Description= New Description=|FIXED IND 47UH 390MA 2.3 OHM SMD
Change Component Description : Designator=F1 Old Description= New Description=|FUSE Chip Fast Acting 1A 32V SMD Solder Pad 1206
Change Component Description : Designator=RL1 Old Description= New Description=|General Purpose Relay SPDT (1 Form C) 12VDC Coil Through Hole
Change Component Description : Designator=RL2 Old Description= New Description=|General Purpose Relay SPDT (1 Form C) 12VDC Coil Through Hole
Change Component Description : Designator=J3 Old Description= New Description=|Header 2 Position Terminal Block, Male Pins, Shrouded (4 Side) 0.200" (5.08mm) 90°, Right Angle Through Hole
Change Component Description : Designator=J5 Old Description= New Description=|Header 2 Position Terminal Block, Male Pins, Shrouded (4 Side) 0.200" (5.08mm) 90°, Right Angle Through Hole
Change Component Description : Designator=J7 Old Description= New Description=|Header 2 Position Terminal Block, Male Pins, Shrouded (4 Side) 0.200" (5.08mm) 90°, Right Angle Through Hole
Change Component Description : Designator=LED2 Old Description= New Description=|LED GREEN CLEAR 0805 SMD
Change Component Description : Designator=LED1 Old Description= New Description=|LED RED CLEAR 0805 SMD
Change Component Description : Designator=U1 Old Description= New Description=|Linear Voltage Regulator IC Positive Fixed 1 Output 1A SOT-223-3
Change Component Description : Designator=U3 Old Description= New Description=|MCU 32-bit STM32F ARM Cortex M3 RISC 32KB Flash 2.5V/3.3V 48-Pin LQFP Tray
Change Component Description : Designator=U8 Old Description= New Description=|Operational Amplifiers - Op Amps 3MHz,RRIO,1.8V CMOS Op Amp
Change Component Description : Designator=U9 Old Description= New Description=|PIR Detector Controller 14-SOIC Low Noise Amplifiers
Change Component Description : Designator=J2 Old Description= New Description=|Power Barrel Connector Jack 2.10mm ID (0.083"), 5.50mm OD (0.217") Surface Mount, Right Angle; Through Hole
Change Component Description : Designator=J6 Old Description= New Description=|Power Barrel Connector Jack 2.10mm ID (0.083"), 5.50mm OD (0.217") Surface Mount, Right Angle; Through Hole
Change Component Description : Designator=U2 Old Description= New Description=|Regulator IC Positive Fixed 12V 1 Output 1A 8-SOIC (0.154", 3.90mm Width)
Change Component Description : Designator=R5 Old Description= New Description=|RES 0.27? 5%  AXIAL
Change Component Description : Designator=R31 Old Description= New Description=|RES 0? 0603 SMD JUMPER
Change Component Description : Designator=R32 Old Description= New Description=|RES 0? 0603 SMD JUMPER
Change Component Description : Designator=R3 Old Description= New Description=|RES 1K? 1% 0603 SMD
Change Component Description : Designator=R4 Old Description= New Description=|RES 1K? 1% 0603 SMD
Change Component Description : Designator=R13 Old Description= New Description=|RES 1K? 1% 0603 SMD
Change Component Description : Designator=R24 Old Description= New Description=|RES 1K? 1% 0603 SMD
Change Component Description : Designator=R26 Old Description= New Description=|RES 1K? 1% 0603 SMD
Change Component Description : Designator=R36 Old Description= New Description=|RES 1K? 1% 0603 SMD
Change Component Description : Designator=R8 Old Description= New Description=|RES 4K7? 5% 0603 SMD
Change Component Description : Designator=R9 Old Description= New Description=|RES 4K7? 5% 0603 SMD
Change Component Description : Designator=R1 Old Description= New Description=|RES 10K? 1% 0603 SMD
Change Component Description : Designator=R2 Old Description= New Description=|RES 10K? 1% 0603 SMD
Change Component Description : Designator=R23 Old Description= New Description=|RES 10K? 1% 0603 SMD
Change Component Description : Designator=R29 Old Description= New Description=|RES 10K? 1% 0603 SMD
Change Component Description : Designator=R34 Old Description= New Description=|RES 10K? 1% 0603 SMD
Change Component Description : Designator=R16 Old Description= New Description=|RES 15? 1% 0603 SMD
Change Component Description : Designator=R17 Old Description= New Description=|RES 15? 1% 0603 SMD
Change Component Description : Designator=R30 Old Description= New Description=|RES 43K? 1% 0603 SMD
Change Component Description : Designator=R6 Old Description= New Description=|RES 100? 5% 0603 SMD
Change Component Description : Designator=R7 Old Description= New Description=|RES 100? 5% 0603 SMD
Change Component Description : Designator=R10 Old Description= New Description=|RES 100? 5% 0603 SMD
Change Component Description : Designator=R11 Old Description= New Description=|RES 100? 5% 0603 SMD
Change Component Description : Designator=R12 Old Description= New Description=|RES 100? 5% 0603 SMD
Change Component Description : Designator=R14 Old Description= New Description=|RES 100? 5% 0603 SMD
Change Component Description : Designator=R15 Old Description= New Description=|RES 100? 5% 0603 SMD
Change Component Description : Designator=R18 Old Description= New Description=|RES 100? 5% 0603 SMD
Change Component Description : Designator=R19 Old Description= New Description=|RES 100? 5% 0603 SMD
Change Component Description : Designator=R20 Old Description= New Description=|RES 100? 5% 0603 SMD
Change Component Description : Designator=R21 Old Description= New Description=|RES 100? 5% 0603 SMD
Change Component Description : Designator=R22 Old Description= New Description=|RES 100? 5% 0603 SMD
Change Component Description : Designator=R28 Old Description= New Description=|RES 100? 5% 0603 SMD
Change Component Description : Designator=R25 Old Description= New Description=|RES 220K? 5% 0603 SMD
Change Component Description : Designator=R27 Old Description= New Description=|RES 220K? 5% 0603 SMD
Change Component Description : Designator=R37 Old Description= New Description=|RES 220K? 5% 0603 SMD
Change Component Description : Designator=R33 Old Description= New Description=|RES 560K? 5% 0603 SMD
Change Component Description : Designator=R35 Old Description= New Description=|RES 560K? 5% 0603 SMD
Change Component Description : Designator=U6 Old Description= New Description=|RTC M41T0 Series 2 to 5.5 V Serial I2C Real Time Clock Surface Mount - SOIC-8
Change Component Description : Designator=S1 Old Description= New Description=|Sensor PIR (Passive Infrared) TO-205AA, TO-5-3 Metal Can
Change Component Description : Designator=SW1 Old Description= New Description=|Slide Switch SPDT Surface Mount, Right Angle
Change Component Description : Designator=U7 Old Description= New Description=|Temperature Sensor Digital, 8-SOIC, SPI
Change Component Description : Designator=RT1 Old Description= New Description=|Thermistor PTC 10K Ohm 1%  1206 Surface Mount
Change Component Description : Designator=T1 Old Description= New Description=|Trafo 230V 1VA Through Hole
Change Component Description : Designator=USB1 Old Description= New Description=|USB - micro B USB 2.0 Receptacle Connector 5 Position Surface Mount, Right Angle
Change Component Description : Designator=U4 Old Description= New Description=|WiFi Module Bluetooth, WiFi 802.11b/g/n, Bluetooth v4.2 +EDR, Class 1, 2 and 3 Transceiver Module 2.4GHz ~ 2.5GHz Integrated, Trace Surface Mount
Change Component Description : Designator=D2 Old Description= New Description=|Zener Diode 5.6 V 3 W ±5% Surface Mount SMB
Added Component: Designator=D6(SOD323F)
Add component (AddParameter): Name = "Average Rectified Current"; Value = "150mA"; VariantName = "[No Variations]"
Add component (AddParameter): Name = "Category"; Value = "Rectifier Diodes"; VariantName = "[No Variations]"
Add component (AddParameter): Name = "ComponentLink1Description"; Value = "https://datasheet.ciiva.com/30479/0900766b810e1cd3-30479206.pdf?src-supplier=Rs"; VariantName = "[No Variations]"
Add component (AddParameter): Name = "ComponentLink1URL"; Value = "https://datasheet.ciiva.com/30479/0900766b810e1cd3-30479206.pdf?src-supplier=Rs"; VariantName = "[No Variations]"
Add component (AddParameter): Name = "ComponentLink2Description"; Value = "https://datasheet.ciiva.com/15208/getdatasheetpartid-127819-15208358.pdf?src-supplier=Verical"; VariantName = "[No Variations]"
Add component (AddParameter): Name = "ComponentLink2URL"; Value = "https://datasheet.ciiva.com/15208/getdatasheetpartid-127819-15208358.pdf?src-supplier=Verical"; VariantName = "[No Variations]"
Add component (AddParameter): Name = "ComponentLink3Description"; Value = "https://datasheet.ciiva.com/8300/1n914bws-8300360.pdf?src-supplier=Avnet"; VariantName = "[No Variations]"
Add component (AddParameter): Name = "ComponentLink3URL"; Value = "https://datasheet.ciiva.com/8300/1n914bws-8300360.pdf?src-supplier=Avnet"; VariantName = "[No Variations]"
Add component (AddParameter): Name = "ComponentLink4Description"; Value = "https://datasheet.ciiva.com/910/1n4148ws-910381.pdf?src-supplier=Digi-Key"; VariantName = "[No Variations]"
Add component (AddParameter): Name = "ComponentLink4URL"; Value = "https://datasheet.ciiva.com/910/1n4148ws-910381.pdf?src-supplier=Digi-Key"; VariantName = "[No Variations]"
Add component (AddParameter): Name = "ComponentLink5Description"; Value = "https://datasheet.ciiva.com/910/1n4148ws-910382.pdf?src-supplier=Digi-Key"; VariantName = "[No Variations]"
Add component (AddParameter): Name = "ComponentLink5URL"; Value = "https://datasheet.ciiva.com/910/1n4148ws-910382.pdf?src-supplier=Digi-Key"; VariantName = "[No Variations]"
Add component (AddParameter): Name = "ComponentLink6Description"; Value = "https://datasheet.ciiva.com/910/1n4148ws-910380.pdf?src-supplier=Digi-Key"; VariantName = "[No Variations]"
Add component (AddParameter): Name = "ComponentLink6URL"; Value = "https://datasheet.ciiva.com/910/1n4148ws-910380.pdf?src-supplier=Digi-Key"; VariantName = "[No Variations]"
Add component (AddParameter): Name = "Contact Plating"; Value = "Tin,Matte"; VariantName = "[No Variations]"
Add component (AddParameter): Name = "Designed by"; Value = "ADAK"; VariantName = "[No Variations]"
Add component (AddParameter): Name = "Element Configuration"; Value = "Single"; VariantName = "[No Variations]"
Add component (AddParameter): Name = "Forward Current"; Value = "150mA"; VariantName = "[No Variations]"
Add component (AddParameter): Name = "Forward Voltage"; Value = "1V"; VariantName = "[No Variations]"
Add component (AddParameter): Name = "Height"; Value = "1mm"; VariantName = "[No Variations]"
Add component (AddParameter): Name = "Lead Free"; Value = "Lead Free"; VariantName = "[No Variations]"
Add component (AddParameter): Name = "Length"; Value = "1.8mm"; VariantName = "[No Variations]"
Add component (AddParameter): Name = "Manufacturer"; Value = "ON Semiconductor / Fairchild"; VariantName = "[No Variations]"
Add component (AddParameter): Name = "Manufacturer Part Number"; Value = "1N4148WS"; VariantName = "[No Variations]"
Add component (AddParameter): Name = "Max Forward Surge Current (Ifsm)"; Value = "2A"; VariantName = "[No Variations]"
Add component (AddParameter): Name = "Max Operating Temperature"; Value = "150°C"; VariantName = "[No Variations]"
Add component (AddParameter): Name = "Max Repetitive Reverse Voltage (Vrrm)"; Value = "75V"; VariantName = "[No Variations]"
Add component (AddParameter): Name = "Max Reverse Current"; Value = "5uA"; VariantName = "[No Variations]"
Add component (AddParameter): Name = "Max Reverse Voltage (DC)"; Value = "75V"; VariantName = "[No Variations]"
Add component (AddParameter): Name = "Min Operating Temperature"; Value = "-55°C"; VariantName = "[No Variations]"
Add component (AddParameter): Name = "Mount"; Value = "Surface Mount"; VariantName = "[No Variations]"
Add component (AddParameter): Name = "Number of Pins"; Value = "2"; VariantName = "[No Variations]"
Add component (AddParameter): Name = "Package Quantity"; Value = "1"; VariantName = "[No Variations]"
Add component (AddParameter): Name = "Packaging"; Value = "Tape and Reel"; VariantName = "[No Variations]"
Add component (AddParameter): Name = "Power Dissipation"; Value = "200mW"; VariantName = "[No Variations]"
Add component (AddParameter): Name = "Pricing 1"; Value = "1=0,21000, 10=0,19200, 100=0,10460, 500=0,06436, 1000=0,04388 (USD)"; VariantName = "[No Variations]"
Add component (AddParameter): Name = "Radiation Hardening"; Value = "No"; VariantName = "[No Variations]"
Add component (AddParameter): Name = "Reach SVHC Compliant"; Value = "Yes"; VariantName = "[No Variations]"
Add component (AddParameter): Name = "Recovery Time"; Value = "4ns"; VariantName = "[No Variations]"
Add component (AddParameter): Name = "Reverse Recovery Time"; Value = "4ns"; VariantName = "[No Variations]"
Add component (AddParameter): Name = "Reverse Voltage"; Value = "75V"; VariantName = "[No Variations]"
Add component (AddParameter): Name = "RoHS"; Value = "Yes"; VariantName = "[No Variations]"
Add component (AddParameter): Name = "RoHS Compliant"; Value = "Yes"; VariantName = "[No Variations]"
Add component (AddParameter): Name = "Series"; Value = "-"; VariantName = "[No Variations]"
Add component (AddParameter): Name = "Stock 1"; Value = "1945488"; VariantName = "[No Variations]"
Add component (AddParameter): Name = "Supplier 1"; Value = "Digi-Key"; VariantName = "[No Variations]"
Add component (AddParameter): Name = "Supplier Part Number 1"; Value = "1N4148WSFSCT-ND"; VariantName = "[No Variations]"
Add component (AddParameter): Name = "Weight"; Value = "0.0276g"; VariantName = "[No Variations]"
Add component (AddParameter): Name = "Width"; Value = "1.35mm"; VariantName = "[No Variations]"
Added Pin To Net: NetName=12VDC Pin=D6-1
Added Pin To Net: NetName=NetC13_1 Pin=C13-1
Added Pin To Net: NetName=NetC13_1 Pin=C14-1
Added Pin To Net: NetName=NetC13_1 Pin=D6-2
Added Pin To Net: NetName=NetC13_1 Pin=F1-2
Added Net: Name=NetC13_1
Added Member To Class: ClassName=Power Management Member=Component D6 1N4148WS
